<?xml version="1.0" encoding="UTF-8"?>
<!-- Generated by org.testng.reporters.JUnitReportReporter -->
<testsuite hostname="DESKTOP-9TT09F0" failures="0" tests="4" name="com.selenium.project.BookshelvesDisplay.mainTest" time="241.266" errors="0" timestamp="2021-03-23T11:49:02 IST" skipped="0">
  <testcase classname="com.selenium.project.BookshelvesDisplay.mainTest" name="bookself" time="93.652"/>
  <system-out>

The title of the Page: Furniture Online: @Upto 40% Off on Wooden Furniture Online in India at Best Price - Urban Ladder  </system-out>
  <testcase classname="com.selenium.project.BookshelvesDisplay.mainTest" name="collections" time="49.258"/>
  <system-out>

The submenu list from 'Being at home' column: Study Chairs Study Tables Study Lamps Study Sets Sofa Beds Accent Chairs Loveseats Floor Lamps Day Beds Outdoor Tables Balcony Swings Balcony Chairs Ottomans  </system-out>
  <testcase classname="com.selenium.project.BookshelvesDisplay.mainTest" name="DisplayStudyChair" time="25.718"/>
  <system-out>

The price of the first three study chair Dorsey Study Chair: Rs.4124 Mika Study Chair: Rs.10879 Aurelio Study Chair: Rs.8599  </system-out>
  <testcase classname="com.selenium.project.BookshelvesDisplay.mainTest" name="displayGiftcardMesssage" time="72.638"/>
  <system-out/>
</testsuite> <!-- com.selenium.project.BookshelvesDisplay.mainTest -->
