<?xml version="1.0" encoding="UTF-8"?>
<!-- Generated by org.testng.reporters.JUnitReportReporter -->
<testsuite hostname="DESKTOP-9TT09F0" failures="0" tests="4" name="com.selenium.project.BookshelvesDisplay.mainTest" time="78.665" errors="0" timestamp="2021-03-15T14:35:58 IST" skipped="0">
  <testcase classname="com.selenium.project.BookshelvesDisplay.mainTest" name="bookself" time="26.845"/>
  <system-out>

The title of the Page: Furniture Online: @Upto 40% Off on Wooden Furniture Online in India at Best Price - Urban Ladder 
The price of the first three bookshelves below Rs.15000: Austen Bookshelf/Display Unit: Rs.10399 Austen Bookshelf/Display Unit: Rs.10399 Tetris Side Bookshelf/Display Unit: Rs.6799  </system-out>
  <testcase classname="com.selenium.project.BookshelvesDisplay.mainTest" name="collections" time="14.750"/>
  <system-out>

The submenu list from 'Being at home' column: Study Chairs Study Tables Study Lamps Study Sets Sofa Beds Accent Chairs Loveseats Floor Lamps Day Beds Outdoor Tables Balcony Swings Balcony Chairs Ottomans  </system-out>
  <testcase classname="com.selenium.project.BookshelvesDisplay.mainTest" name="DisplayStudyChair" time="14.386"/>
  <system-out>

The price of the first three study chair Dorsey Study Chair: Rs.4124 Mika Study Chair: Rs.10879 Hawley Study Chair: Rs.6999  </system-out>
  <testcase classname="com.selenium.project.BookshelvesDisplay.mainTest" name="displayGiftcardMesssage" time="22.684"/>
  <system-out>

The error message appeared for invalid e-mail: Please include an '@' in the email address. 'Ramgmail.com' is missing an '@'.
  </system-out>
</testsuite> <!-- com.selenium.project.BookshelvesDisplay.mainTest -->
